<?xml version="1.0" encoding="UTF-8"?>
<!-- Generated by org.testng.reporters.JUnitReportReporter -->
<testsuite hostname="AndreasechtsMBP" name="test.NeuralNetworkTest" tests="3" failures="0" timestamp="11 Sep 2015 14:14:37 GMT" time="0.030" errors="0">
  <testcase name="testANN1" time="0.030" classname="test.NeuralNetworkTest"/>
  <testcase name="testANN2" time="0.000" classname="test.NeuralNetworkTest"/>
  <testcase name="testANN3" time="0.000" classname="test.NeuralNetworkTest"/>
</testsuite> <!-- test.NeuralNetworkTest -->
